Inicio del Log de Operación
-6/6/2025 18:48 > -----Iniciando la aplicación-----
-6/6/2025 18:48 > Conexión a base de datos tienda_digital_libros OK
-6/6/2025 18:48 > Lista de libros obtenida correctamente
-6/6/2025 18:48 > Detalles de compra obtenidos para ID: 11
-6/6/2025 18:48 > Detalles de compra obtenidos para ID: 12
-6/6/2025 18:48 > Detalles de compra obtenidos para ID: 13
-6/6/2025 18:48 > Detalles de compra obtenidos para ID: 14
-6/6/2025 18:48 > Compras obtenidas para el ID: 3
-6/6/2025 18:48 > Lista de libros obtenida correctamente
-6/6/2025 18:48 > Detalles de compra obtenidos para ID: 11
-6/6/2025 18:48 > Detalles de compra obtenidos para ID: 12
-6/6/2025 18:48 > Detalles de compra obtenidos para ID: 13
-6/6/2025 18:48 > Detalles de compra obtenidos para ID: 14
-6/6/2025 18:48 > Compras obtenidas para el ID: 3
-6/6/2025 18:48 > Detalles de compra obtenidos para ID: 11
-6/6/2025 18:48 > Detalles de compra obtenidos para ID: 12
-6/6/2025 18:48 > Detalles de compra obtenidos para ID: 13
-6/6/2025 18:48 > Detalles de compra obtenidos para ID: 14
-6/6/2025 18:48 > Compras obtenidas para el ID: 3
-6/6/2025 18:48 > Lista de libros obtenida correctamente
-6/6/2025 18:48 > Detalles de compra obtenidos para ID: 11
-6/6/2025 18:48 > Detalles de compra obtenidos para ID: 12
-6/6/2025 18:48 > Detalles de compra obtenidos para ID: 13
-6/6/2025 18:48 > Detalles de compra obtenidos para ID: 14
-6/6/2025 18:48 > Compras obtenidas para el ID: 3
-6/6/2025 18:48 > Detalles de compra obtenidos para ID: 11
-6/6/2025 18:48 > Detalles de compra obtenidos para ID: 12
-6/6/2025 18:48 > Detalles de compra obtenidos para ID: 13
-6/6/2025 18:48 > Detalles de compra obtenidos para ID: 14
-6/6/2025 18:48 > Compras obtenidas para el ID: 3
-6/6/2025 18:48 > Lista de libros obtenida correctamente
-6/6/2025 18:48 > Detalles de compra obtenidos para ID: 11
-6/6/2025 18:48 > Detalles de compra obtenidos para ID: 12
-6/6/2025 18:48 > Detalles de compra obtenidos para ID: 13
-6/6/2025 18:48 > Detalles de compra obtenidos para ID: 14
-6/6/2025 18:48 > Compras obtenidas para el ID: 3
-6/6/2025 18:48 > Detalles de compra obtenidos para ID: 11
-6/6/2025 18:48 > Detalles de compra obtenidos para ID: 12
-6/6/2025 18:48 > Detalles de compra obtenidos para ID: 13
-6/6/2025 18:48 > Detalles de compra obtenidos para ID: 14
-6/6/2025 18:48 > Compras obtenidas para el ID: 3
-6/6/2025 18:48 > Lista de libros obtenida correctamente
-6/6/2025 18:48 > Detalles de compra obtenidos para ID: 11
-6/6/2025 18:48 > Detalles de compra obtenidos para ID: 12
-6/6/2025 18:48 > Detalles de compra obtenidos para ID: 13
-6/6/2025 18:48 > Detalles de compra obtenidos para ID: 14
-6/6/2025 18:48 > Compras obtenidas para el ID: 3
-6/6/2025 18:48 > Detalles de compra obtenidos para ID: 11
-6/6/2025 18:48 > Detalles de compra obtenidos para ID: 12
-6/6/2025 18:48 > Detalles de compra obtenidos para ID: 13
-6/6/2025 18:48 > Detalles de compra obtenidos para ID: 14
-6/6/2025 18:48 > Compras obtenidas para el ID: 3
-6/6/2025 18:48 > Lista de libros obtenida correctamente
-6/6/2025 18:48 > Detalles de compra obtenidos para ID: 11
-6/6/2025 18:48 > Detalles de compra obtenidos para ID: 12
-6/6/2025 18:48 > Detalles de compra obtenidos para ID: 13
-6/6/2025 18:48 > Detalles de compra obtenidos para ID: 14
-6/6/2025 18:48 > Compras obtenidas para el ID: 3
-6/6/2025 18:48 > Conexión cerrada correctamente
-6/6/2025 18:48 > Conexión a la base de datos cerrada correctamente
-6/6/2025 18:48 > -----Saliendo de la aplicación-----
-6/6/2025 18:49 > -----Iniciando la aplicación-----
-6/6/2025 18:49 > Conexión a base de datos tienda_digital_libros OK
-6/6/2025 18:49 > Lista de libros obtenida correctamente
-6/6/2025 18:49 > Detalles de compra obtenidos para ID: 11
-6/6/2025 18:49 > Detalles de compra obtenidos para ID: 12
-6/6/2025 18:49 > Detalles de compra obtenidos para ID: 13
-6/6/2025 18:49 > Detalles de compra obtenidos para ID: 14
-6/6/2025 18:49 > Compras obtenidas para el ID: 3
-6/6/2025 18:50 > Lista de libros obtenida correctamente
-6/6/2025 18:50 > Detalles de compra obtenidos para ID: 11
-6/6/2025 18:50 > Detalles de compra obtenidos para ID: 12
-6/6/2025 18:50 > Detalles de compra obtenidos para ID: 13
-6/6/2025 18:50 > Detalles de compra obtenidos para ID: 14
-6/6/2025 18:50 > Compras obtenidas para el ID: 3
-6/6/2025 18:51 > -----Iniciando la aplicación-----
-6/6/2025 18:51 > Conexión a base de datos tienda_digital_libros OK
-6/6/2025 18:51 > Lista de libros obtenida correctamente
-6/6/2025 18:51 > Detalles de compra obtenidos para ID: 11
-6/6/2025 18:51 > Detalles de compra obtenidos para ID: 12
-6/6/2025 18:51 > Detalles de compra obtenidos para ID: 13
-6/6/2025 18:51 > Detalles de compra obtenidos para ID: 14
-6/6/2025 18:51 > Compras obtenidas para el ID: 3
-6/6/2025 18:51 > Lista de libros obtenida correctamente
-6/6/2025 18:51 > Detalles de compra obtenidos para ID: 11
-6/6/2025 18:51 > Detalles de compra obtenidos para ID: 12
-6/6/2025 18:51 > Detalles de compra obtenidos para ID: 13
-6/6/2025 18:51 > Detalles de compra obtenidos para ID: 14
-6/6/2025 18:51 > Compras obtenidas para el ID: 3
-6/6/2025 18:51 > Lista de libros obtenida correctamente
-6/6/2025 18:51 > Detalles de compra obtenidos para ID: 11
-6/6/2025 18:51 > Detalles de compra obtenidos para ID: 12
-6/6/2025 18:51 > Detalles de compra obtenidos para ID: 13
-6/6/2025 18:51 > Detalles de compra obtenidos para ID: 14
-6/6/2025 18:51 > Compras obtenidas para el ID: 3
-6/6/2025 18:51 > 15 Unidades disponibles de 9783161484110 
-6/6/2025 18:51 > 20 Unidades disponibles de 9783161484111 
-6/6/2025 18:51 > Lista de libros obtenida correctamente
-6/6/2025 18:51 > Detalles de compra obtenidos para ID: 11
-6/6/2025 18:51 > Detalles de compra obtenidos para ID: 12
-6/6/2025 18:51 > Detalles de compra obtenidos para ID: 13
-6/6/2025 18:51 > Detalles de compra obtenidos para ID: 14
-6/6/2025 18:51 > Compras obtenidas para el ID: 3
-6/6/2025 18:51 > Lista de libros obtenida correctamente
-6/6/2025 18:51 > Detalles de compra obtenidos para ID: 11
-6/6/2025 18:51 > Detalles de compra obtenidos para ID: 12
-6/6/2025 18:51 > Detalles de compra obtenidos para ID: 13
-6/6/2025 18:51 > Detalles de compra obtenidos para ID: 14
-6/6/2025 18:51 > Compras obtenidas para el ID: 3
-6/6/2025 18:51 > 15 Unidades disponibles de 9783161484110 
-6/6/2025 18:51 > 20 Unidades disponibles de 9783161484111 
-6/6/2025 18:51 > Conexión cerrada correctamente
-6/6/2025 18:51 > Conexión a la base de datos cerrada correctamente
-6/6/2025 18:51 > -----Saliendo de la aplicación-----
-6/6/2025 18:51 > -----Iniciando la aplicación-----
-6/6/2025 18:51 > Conexión a base de datos tienda_digital_libros OK
-6/6/2025 18:51 > Lista de libros obtenida correctamente
-6/6/2025 18:52 > Detalles de compra obtenidos para ID: 11
-6/6/2025 18:52 > Detalles de compra obtenidos para ID: 12
-6/6/2025 18:52 > Detalles de compra obtenidos para ID: 13
-6/6/2025 18:52 > Detalles de compra obtenidos para ID: 14
-6/6/2025 18:52 > Compras obtenidas para el ID: 3
-6/6/2025 18:52 > Lista de libros obtenida correctamente
-6/6/2025 18:52 > Detalles de compra obtenidos para ID: 11
-6/6/2025 18:52 > Detalles de compra obtenidos para ID: 12
-6/6/2025 18:52 > Detalles de compra obtenidos para ID: 13
-6/6/2025 18:52 > Detalles de compra obtenidos para ID: 14
-6/6/2025 18:52 > Compras obtenidas para el ID: 3
-6/6/2025 18:52 > Lista de libros obtenida correctamente
-6/6/2025 18:52 > Detalles de compra obtenidos para ID: 11
-6/6/2025 18:52 > Detalles de compra obtenidos para ID: 12
-6/6/2025 18:52 > Detalles de compra obtenidos para ID: 13
-6/6/2025 18:52 > Detalles de compra obtenidos para ID: 14
-6/6/2025 18:52 > Compras obtenidas para el ID: 3
-6/6/2025 18:52 > 15 Unidades disponibles de 9783161484110 
-6/6/2025 18:52 > 20 Unidades disponibles de 9783161484111 
-6/6/2025 18:53 > -----Iniciando la aplicación-----
-6/6/2025 18:53 > Conexión a base de datos tienda_digital_libros OK
-6/6/2025 18:53 > Lista de libros obtenida correctamente
-6/6/2025 18:54 > -----Iniciando la aplicación-----
-6/6/2025 18:54 > Conexión a base de datos tienda_digital_libros OK
-6/6/2025 18:54 > Lista de libros obtenida correctamente
-6/6/2025 18:54 > Detalles de compra obtenidos para ID: 11
-6/6/2025 18:54 > Detalles de compra obtenidos para ID: 12
-6/6/2025 18:54 > Detalles de compra obtenidos para ID: 13
-6/6/2025 18:54 > Detalles de compra obtenidos para ID: 14
-6/6/2025 18:54 > Compras obtenidas para el ID: 3
-6/6/2025 18:54 > Lista de libros obtenida correctamente
-6/6/2025 18:54 > Detalles de compra obtenidos para ID: 11
-6/6/2025 18:54 > Detalles de compra obtenidos para ID: 12
-6/6/2025 18:54 > Detalles de compra obtenidos para ID: 13
-6/6/2025 18:54 > Detalles de compra obtenidos para ID: 14
-6/6/2025 18:54 > Compras obtenidas para el ID: 3
-6/6/2025 18:54 > Lista de libros obtenida correctamente
-6/6/2025 18:54 > Detalles de compra obtenidos para ID: 11
-6/6/2025 18:54 > Detalles de compra obtenidos para ID: 12
-6/6/2025 18:54 > Detalles de compra obtenidos para ID: 13
-6/6/2025 18:54 > Detalles de compra obtenidos para ID: 14
-6/6/2025 18:54 > Compras obtenidas para el ID: 3
-6/6/2025 18:54 > 15 Unidades disponibles de 9783161484110 
-6/6/2025 18:54 > 20 Unidades disponibles de 9783161484111 
-6/6/2025 18:54 > Conexión cerrada correctamente
-6/6/2025 18:54 > Conexión a la base de datos cerrada correctamente
-6/6/2025 18:54 > -----Saliendo de la aplicación-----
-6/6/2025 18:55 > -----Iniciando la aplicación-----
-6/6/2025 18:55 > Conexión a base de datos tienda_digital_libros OK
-6/6/2025 18:55 > Lista de libros obtenida correctamente
-6/6/2025 18:55 > Detalles de compra obtenidos para ID: 11
-6/6/2025 18:55 > Detalles de compra obtenidos para ID: 12
-6/6/2025 18:55 > Detalles de compra obtenidos para ID: 13
-6/6/2025 18:55 > Detalles de compra obtenidos para ID: 14
-6/6/2025 18:55 > Compras obtenidas para el ID: 3
-6/6/2025 18:55 > Lista de libros obtenida correctamente
-6/6/2025 18:55 > Detalles de compra obtenidos para ID: 11
-6/6/2025 18:55 > Detalles de compra obtenidos para ID: 12
-6/6/2025 18:55 > Detalles de compra obtenidos para ID: 13
-6/6/2025 18:55 > Detalles de compra obtenidos para ID: 14
-6/6/2025 18:55 > Compras obtenidas para el ID: 3
-6/6/2025 18:55 > Lista de libros obtenida correctamente
-6/6/2025 18:55 > Detalles de compra obtenidos para ID: 11
-6/6/2025 18:55 > Detalles de compra obtenidos para ID: 12
-6/6/2025 18:55 > Detalles de compra obtenidos para ID: 13
-6/6/2025 18:55 > Detalles de compra obtenidos para ID: 14
-6/6/2025 18:55 > Compras obtenidas para el ID: 3
-6/6/2025 18:55 > 15 Unidades disponibles de 9783161484110 
-6/6/2025 18:55 > 20 Unidades disponibles de 9783161484111 
-6/6/2025 18:55 > Conexión cerrada correctamente
-6/6/2025 18:55 > Conexión a la base de datos cerrada correctamente
-6/6/2025 18:55 > -----Saliendo de la aplicación-----
-6/6/2025 18:55 > -----Iniciando la aplicación-----
-6/6/2025 18:55 > Conexión a base de datos tienda_digital_libros OK
-6/6/2025 18:55 > Lista de libros obtenida correctamente
-6/6/2025 18:55 > Detalles de compra obtenidos para ID: 11
-6/6/2025 18:55 > Detalles de compra obtenidos para ID: 12
-6/6/2025 18:55 > Detalles de compra obtenidos para ID: 13
-6/6/2025 18:55 > Detalles de compra obtenidos para ID: 14
-6/6/2025 18:55 > Compras obtenidas para el ID: 3
-6/6/2025 18:55 > Lista de libros obtenida correctamente
-6/6/2025 18:55 > Detalles de compra obtenidos para ID: 11
-6/6/2025 18:55 > Detalles de compra obtenidos para ID: 12
-6/6/2025 18:55 > Detalles de compra obtenidos para ID: 13
-6/6/2025 18:55 > Detalles de compra obtenidos para ID: 14
-6/6/2025 18:55 > Compras obtenidas para el ID: 3
-6/6/2025 18:55 > Lista de libros obtenida correctamente
-6/6/2025 18:55 > Detalles de compra obtenidos para ID: 11
-6/6/2025 18:55 > Detalles de compra obtenidos para ID: 12
-6/6/2025 18:55 > Detalles de compra obtenidos para ID: 13
-6/6/2025 18:55 > Detalles de compra obtenidos para ID: 14
-6/6/2025 18:55 > Compras obtenidas para el ID: 3
-6/6/2025 18:55 > 15 Unidades disponibles de 9783161484110 
-6/6/2025 18:55 > 20 Unidades disponibles de 9783161484111 
-6/6/2025 18:55 > Conexión cerrada correctamente
-6/6/2025 18:55 > Conexión a la base de datos cerrada correctamente
-6/6/2025 18:55 > -----Saliendo de la aplicación-----
-6/6/2025 18:56 > -----Iniciando la aplicación-----
-6/6/2025 18:56 > Conexión a base de datos tienda_digital_libros OK
-6/6/2025 18:56 > Lista de libros obtenida correctamente
-6/6/2025 18:56 > -----Iniciando la aplicación-----
-6/6/2025 18:56 > Conexión a base de datos tienda_digital_libros OK
-6/6/2025 18:56 > Lista de libros obtenida correctamente
-6/6/2025 18:56 > Detalles de compra obtenidos para ID: 11
-6/6/2025 18:56 > Detalles de compra obtenidos para ID: 12
-6/6/2025 18:56 > Detalles de compra obtenidos para ID: 13
-6/6/2025 18:56 > Detalles de compra obtenidos para ID: 14
-6/6/2025 18:56 > Compras obtenidas para el ID: 3
-6/6/2025 18:56 > Lista de libros obtenida correctamente
-6/6/2025 18:56 > Detalles de compra obtenidos para ID: 11
-6/6/2025 18:56 > Detalles de compra obtenidos para ID: 12
-6/6/2025 18:56 > Detalles de compra obtenidos para ID: 13
-6/6/2025 18:56 > Detalles de compra obtenidos para ID: 14
-6/6/2025 18:56 > Compras obtenidas para el ID: 3
-6/6/2025 18:57 > Lista de libros obtenida correctamente
-6/6/2025 18:57 > Detalles de compra obtenidos para ID: 11
-6/6/2025 18:57 > Detalles de compra obtenidos para ID: 12
-6/6/2025 18:57 > Detalles de compra obtenidos para ID: 13
-6/6/2025 18:57 > Detalles de compra obtenidos para ID: 14
-6/6/2025 18:57 > Compras obtenidas para el ID: 3
-6/6/2025 18:57 > -----Iniciando la aplicación-----
-6/6/2025 18:57 > Conexión a base de datos tienda_digital_libros OK
-6/6/2025 18:57 > Lista de libros obtenida correctamente
-6/6/2025 18:57 > Detalles de compra obtenidos para ID: 11
-6/6/2025 18:57 > Detalles de compra obtenidos para ID: 12
-6/6/2025 18:57 > Detalles de compra obtenidos para ID: 13
-6/6/2025 18:57 > Detalles de compra obtenidos para ID: 14
-6/6/2025 18:57 > Compras obtenidas para el ID: 3
-6/6/2025 18:57 > Lista de libros obtenida correctamente
-6/6/2025 18:57 > Detalles de compra obtenidos para ID: 11
-6/6/2025 18:57 > Detalles de compra obtenidos para ID: 12
-6/6/2025 18:57 > Detalles de compra obtenidos para ID: 13
-6/6/2025 18:57 > Detalles de compra obtenidos para ID: 14
-6/6/2025 18:57 > Compras obtenidas para el ID: 3
-6/6/2025 18:57 > Lista de libros obtenida correctamente
-6/6/2025 18:57 > Detalles de compra obtenidos para ID: 11
-6/6/2025 18:57 > Detalles de compra obtenidos para ID: 12
-6/6/2025 18:57 > Detalles de compra obtenidos para ID: 13
-6/6/2025 18:57 > Detalles de compra obtenidos para ID: 14
-6/6/2025 18:57 > Compras obtenidas para el ID: 3
-6/6/2025 18:57 > 15 Unidades disponibles de 9783161484110 
-6/6/2025 18:57 > 20 Unidades disponibles de 9783161484111 
-6/6/2025 18:57 > Conexión cerrada correctamente
-6/6/2025 18:57 > Conexión a la base de datos cerrada correctamente
-6/6/2025 18:57 > -----Saliendo de la aplicación-----
-6/6/2025 18:58 > -----Iniciando la aplicación-----
-6/6/2025 18:58 > Conexión a base de datos tienda_digital_libros OK
-6/6/2025 18:58 > Lista de libros obtenida correctamente
-6/6/2025 18:58 > Detalles de compra obtenidos para ID: 11
-6/6/2025 18:58 > Detalles de compra obtenidos para ID: 12
-6/6/2025 18:58 > Detalles de compra obtenidos para ID: 13
-6/6/2025 18:58 > Detalles de compra obtenidos para ID: 14
-6/6/2025 18:58 > Compras obtenidas para el ID: 3
-6/6/2025 18:58 > Lista de libros obtenida correctamente
-6/6/2025 18:58 > Detalles de compra obtenidos para ID: 11
-6/6/2025 18:58 > Detalles de compra obtenidos para ID: 12
-6/6/2025 18:58 > Detalles de compra obtenidos para ID: 13
-6/6/2025 18:58 > Detalles de compra obtenidos para ID: 14
-6/6/2025 18:58 > Compras obtenidas para el ID: 3
-6/6/2025 18:58 > Lista de libros obtenida correctamente
-6/6/2025 18:58 > Detalles de compra obtenidos para ID: 11
-6/6/2025 18:58 > Detalles de compra obtenidos para ID: 12
-6/6/2025 18:58 > Detalles de compra obtenidos para ID: 13
-6/6/2025 18:58 > Detalles de compra obtenidos para ID: 14
-6/6/2025 18:58 > Compras obtenidas para el ID: 3
-6/6/2025 18:58 > 15 Unidades disponibles de 9783161484110 
-6/6/2025 18:58 > 20 Unidades disponibles de 9783161484111 
-6/6/2025 18:59 > Conexión cerrada correctamente
-6/6/2025 18:59 > Conexión a la base de datos cerrada correctamente
-6/6/2025 18:59 > -----Saliendo de la aplicación-----
-6/6/2025 19:0 > -----Iniciando la aplicación-----
-6/6/2025 19:0 > Conexión a base de datos tienda_digital_libros OK
-6/6/2025 19:0 > Lista de libros obtenida correctamente
-6/6/2025 19:0 > Detalles de compra obtenidos para ID: 11
-6/6/2025 19:0 > Detalles de compra obtenidos para ID: 12
-6/6/2025 19:0 > Detalles de compra obtenidos para ID: 13
-6/6/2025 19:0 > Detalles de compra obtenidos para ID: 14
-6/6/2025 19:0 > Compras obtenidas para el ID: 3
-6/6/2025 19:0 > Lista de libros obtenida correctamente
-6/6/2025 19:0 > Detalles de compra obtenidos para ID: 11
-6/6/2025 19:0 > Detalles de compra obtenidos para ID: 12
-6/6/2025 19:0 > Detalles de compra obtenidos para ID: 13
-6/6/2025 19:0 > Detalles de compra obtenidos para ID: 14
-6/6/2025 19:0 > Compras obtenidas para el ID: 3
-6/6/2025 19:0 > Lista de libros obtenida correctamente
-6/6/2025 19:0 > Detalles de compra obtenidos para ID: 11
-6/6/2025 19:0 > Detalles de compra obtenidos para ID: 12
-6/6/2025 19:0 > Detalles de compra obtenidos para ID: 13
-6/6/2025 19:0 > Detalles de compra obtenidos para ID: 14
-6/6/2025 19:0 > Compras obtenidas para el ID: 3
-6/6/2025 19:0 > 15 Unidades disponibles de 9783161484110 
-6/6/2025 19:0 > 20 Unidades disponibles de 9783161484111 
-6/6/2025 19:0 > Lista de libros obtenida correctamente
-6/6/2025 19:0 > Detalles de compra obtenidos para ID: 11
-6/6/2025 19:0 > Detalles de compra obtenidos para ID: 12
-6/6/2025 19:0 > Detalles de compra obtenidos para ID: 13
-6/6/2025 19:0 > Detalles de compra obtenidos para ID: 14
-6/6/2025 19:0 > Compras obtenidas para el ID: 3
-6/6/2025 19:0 > Lista de libros obtenida correctamente
-6/6/2025 19:0 > Detalles de compra obtenidos para ID: 11
-6/6/2025 19:0 > Detalles de compra obtenidos para ID: 12
-6/6/2025 19:0 > Detalles de compra obtenidos para ID: 13
-6/6/2025 19:0 > Detalles de compra obtenidos para ID: 14
-6/6/2025 19:0 > Compras obtenidas para el ID: 3
-6/6/2025 19:0 > 15 Unidades disponibles de 9783161484110 
-6/6/2025 19:0 > 20 Unidades disponibles de 9783161484111 
-6/6/2025 19:0 > Conexión cerrada correctamente
-6/6/2025 19:0 > Conexión a la base de datos cerrada correctamente
-6/6/2025 19:0 > -----Saliendo de la aplicación-----
-6/6/2025 19:1 > -----Iniciando la aplicación-----
-6/6/2025 19:1 > Conexión a base de datos tienda_digital_libros OK
-6/6/2025 19:1 > Lista de libros obtenida correctamente
-6/6/2025 19:1 > Detalles de compra obtenidos para ID: 11
-6/6/2025 19:1 > Detalles de compra obtenidos para ID: 12
-6/6/2025 19:1 > Detalles de compra obtenidos para ID: 13
-6/6/2025 19:1 > Detalles de compra obtenidos para ID: 14
-6/6/2025 19:1 > Compras obtenidas para el ID: 3
-6/6/2025 19:1 > Lista de libros obtenida correctamente
-6/6/2025 19:1 > Detalles de compra obtenidos para ID: 11
-6/6/2025 19:1 > Detalles de compra obtenidos para ID: 12
-6/6/2025 19:1 > Detalles de compra obtenidos para ID: 13
-6/6/2025 19:1 > Detalles de compra obtenidos para ID: 14
-6/6/2025 19:1 > Compras obtenidas para el ID: 3
-6/6/2025 19:1 > Lista de libros obtenida correctamente
-6/6/2025 19:1 > Detalles de compra obtenidos para ID: 11
-6/6/2025 19:1 > Detalles de compra obtenidos para ID: 12
-6/6/2025 19:1 > Detalles de compra obtenidos para ID: 13
-6/6/2025 19:1 > Detalles de compra obtenidos para ID: 14
-6/6/2025 19:1 > Compras obtenidas para el ID: 3
-6/6/2025 19:1 > 15 Unidades disponibles de 9783161484110 
-6/6/2025 19:1 > 20 Unidades disponibles de 9783161484111 
-6/6/2025 19:1 > Lista de libros obtenida correctamente
-6/6/2025 19:1 > Detalles de compra obtenidos para ID: 11
-6/6/2025 19:1 > Detalles de compra obtenidos para ID: 12
-6/6/2025 19:1 > Detalles de compra obtenidos para ID: 13
-6/6/2025 19:1 > Detalles de compra obtenidos para ID: 14
-6/6/2025 19:1 > Compras obtenidas para el ID: 3
-6/6/2025 19:1 > Lista de libros obtenida correctamente
-6/6/2025 19:1 > Detalles de compra obtenidos para ID: 11
-6/6/2025 19:1 > Detalles de compra obtenidos para ID: 12
-6/6/2025 19:1 > Detalles de compra obtenidos para ID: 13
-6/6/2025 19:1 > Detalles de compra obtenidos para ID: 14
-6/6/2025 19:1 > Compras obtenidas para el ID: 3
-6/6/2025 19:1 > 15 Unidades disponibles de 9783161484110 
-6/6/2025 19:1 > 20 Unidades disponibles de 9783161484111 
-6/6/2025 19:2 > Conexión cerrada correctamente
-6/6/2025 19:2 > Conexión a la base de datos cerrada correctamente
-6/6/2025 19:2 > -----Saliendo de la aplicación-----
-6/6/2025 19:3 > -----Iniciando la aplicación-----
-6/6/2025 19:3 > Conexión a base de datos tienda_digital_libros OK
-6/6/2025 19:3 > Lista de libros obtenida correctamente
-6/6/2025 19:3 > Detalles de compra obtenidos para ID: 11
-6/6/2025 19:3 > Detalles de compra obtenidos para ID: 12
-6/6/2025 19:3 > Detalles de compra obtenidos para ID: 13
-6/6/2025 19:3 > Detalles de compra obtenidos para ID: 14
-6/6/2025 19:3 > Compras obtenidas para el ID: 3
-6/6/2025 19:3 > Lista de libros obtenida correctamente
-6/6/2025 19:3 > Detalles de compra obtenidos para ID: 11
-6/6/2025 19:3 > Detalles de compra obtenidos para ID: 12
-6/6/2025 19:3 > Detalles de compra obtenidos para ID: 13
-6/6/2025 19:3 > Detalles de compra obtenidos para ID: 14
-6/6/2025 19:3 > Compras obtenidas para el ID: 3
-6/6/2025 19:3 > Lista de libros obtenida correctamente
-6/6/2025 19:3 > Detalles de compra obtenidos para ID: 11
-6/6/2025 19:3 > Detalles de compra obtenidos para ID: 12
-6/6/2025 19:3 > Detalles de compra obtenidos para ID: 13
-6/6/2025 19:3 > Detalles de compra obtenidos para ID: 14
-6/6/2025 19:3 > Compras obtenidas para el ID: 3
-6/6/2025 19:3 > 15 Unidades disponibles de 9783161484110 
-6/6/2025 19:3 > 20 Unidades disponibles de 9783161484111 
-6/6/2025 19:5 > Lista de libros obtenida correctamente
-6/6/2025 19:5 > Detalles de compra obtenidos para ID: 11
-6/6/2025 19:5 > Detalles de compra obtenidos para ID: 12
-6/6/2025 19:5 > Detalles de compra obtenidos para ID: 13
-6/6/2025 19:5 > Detalles de compra obtenidos para ID: 14
-6/6/2025 19:5 > Compras obtenidas para el ID: 3
-6/6/2025 19:5 > Lista de libros obtenida correctamente
-6/6/2025 19:5 > Detalles de compra obtenidos para ID: 11
-6/6/2025 19:5 > Detalles de compra obtenidos para ID: 12
-6/6/2025 19:5 > Detalles de compra obtenidos para ID: 13
-6/6/2025 19:5 > Detalles de compra obtenidos para ID: 14
-6/6/2025 19:5 > Compras obtenidas para el ID: 3
-6/6/2025 19:5 > 15 Unidades disponibles de 9783161484110 
-6/6/2025 19:5 > 20 Unidades disponibles de 9783161484111 
-6/6/2025 19:5 > Conexión cerrada correctamente
-6/6/2025 19:5 > Conexión a la base de datos cerrada correctamente
-6/6/2025 19:5 > -----Saliendo de la aplicación-----
-6/6/2025 19:5 > -----Iniciando la aplicación-----
-6/6/2025 19:5 > Conexión a base de datos tienda_digital_libros OK
-6/6/2025 19:5 > Lista de libros obtenida correctamente
-6/6/2025 19:6 > Detalles de compra obtenidos para ID: 11
-6/6/2025 19:6 > Detalles de compra obtenidos para ID: 12
-6/6/2025 19:6 > Detalles de compra obtenidos para ID: 13
-6/6/2025 19:6 > Detalles de compra obtenidos para ID: 14
-6/6/2025 19:6 > Compras obtenidas para el ID: 3
-6/6/2025 19:6 > Lista de libros obtenida correctamente
-6/6/2025 19:6 > Detalles de compra obtenidos para ID: 11
-6/6/2025 19:6 > Detalles de compra obtenidos para ID: 12
-6/6/2025 19:6 > Detalles de compra obtenidos para ID: 13
-6/6/2025 19:6 > Detalles de compra obtenidos para ID: 14
-6/6/2025 19:6 > Compras obtenidas para el ID: 3
-6/6/2025 19:6 > Lista de libros obtenida correctamente
-6/6/2025 19:6 > Detalles de compra obtenidos para ID: 11
-6/6/2025 19:6 > Detalles de compra obtenidos para ID: 12
-6/6/2025 19:6 > Detalles de compra obtenidos para ID: 13
-6/6/2025 19:6 > Detalles de compra obtenidos para ID: 14
-6/6/2025 19:6 > Compras obtenidas para el ID: 3
-6/6/2025 19:6 > 15 Unidades disponibles de 9783161484110 
-6/6/2025 19:6 > 20 Unidades disponibles de 9783161484111 
-6/6/2025 19:6 > Lista de libros obtenida correctamente
-6/6/2025 19:6 > Detalles de compra obtenidos para ID: 11
-6/6/2025 19:6 > Detalles de compra obtenidos para ID: 12
-6/6/2025 19:6 > Detalles de compra obtenidos para ID: 13
-6/6/2025 19:6 > Detalles de compra obtenidos para ID: 14
-6/6/2025 19:6 > Compras obtenidas para el ID: 3
-6/6/2025 19:6 > Lista de libros obtenida correctamente
-6/6/2025 19:6 > Detalles de compra obtenidos para ID: 11
-6/6/2025 19:6 > Detalles de compra obtenidos para ID: 12
-6/6/2025 19:6 > Detalles de compra obtenidos para ID: 13
-6/6/2025 19:6 > Detalles de compra obtenidos para ID: 14
-6/6/2025 19:6 > Compras obtenidas para el ID: 3
-6/6/2025 19:6 > 15 Unidades disponibles de 9783161484110 
-6/6/2025 19:6 > 20 Unidades disponibles de 9783161484111 
-6/6/2025 19:6 > Conexión cerrada correctamente
-6/6/2025 19:6 > Conexión a la base de datos cerrada correctamente
-6/6/2025 19:6 > -----Saliendo de la aplicación-----
-6/6/2025 19:7 > -----Iniciando la aplicación-----
-6/6/2025 19:7 > Conexión a base de datos tienda_digital_libros OK
-6/6/2025 19:7 > Lista de libros obtenida correctamente
-6/6/2025 19:7 > Detalles de compra obtenidos para ID: 11
-6/6/2025 19:7 > Detalles de compra obtenidos para ID: 12
-6/6/2025 19:7 > Detalles de compra obtenidos para ID: 13
-6/6/2025 19:7 > Detalles de compra obtenidos para ID: 14
-6/6/2025 19:7 > Compras obtenidas para el ID: 3
-6/6/2025 19:7 > Lista de libros obtenida correctamente
-6/6/2025 19:7 > Detalles de compra obtenidos para ID: 11
-6/6/2025 19:7 > Detalles de compra obtenidos para ID: 12
-6/6/2025 19:7 > Detalles de compra obtenidos para ID: 13
-6/6/2025 19:7 > Detalles de compra obtenidos para ID: 14
-6/6/2025 19:7 > Compras obtenidas para el ID: 3
-6/6/2025 19:7 > Lista de libros obtenida correctamente
-6/6/2025 19:7 > Detalles de compra obtenidos para ID: 11
-6/6/2025 19:7 > Detalles de compra obtenidos para ID: 12
-6/6/2025 19:7 > Detalles de compra obtenidos para ID: 13
-6/6/2025 19:7 > Detalles de compra obtenidos para ID: 14
-6/6/2025 19:7 > Compras obtenidas para el ID: 3
-6/6/2025 19:7 > 15 Unidades disponibles de 9783161484110 
-6/6/2025 19:7 > 20 Unidades disponibles de 9783161484111 
-6/6/2025 19:8 > Conexión cerrada correctamente
-6/6/2025 19:8 > Conexión a la base de datos cerrada correctamente
-6/6/2025 19:8 > -----Saliendo de la aplicación-----